build/app/intermediates/manifest_merge_blame_file/release/manifest-merger-blame-release-report.txt
1<?xml version="1.0" encoding="utf-8"?>
2<manifest xmlns:android="http://schemas.android.com/apk/res/android"
3    package="com.example.qiu_digital_guidance"
4    android:versionCode="1"
5    android:versionName="1.0.0" >
6
7    <uses-sdk
8        android:minSdkVersion="19"
8-->src\main\AndroidManifest.xml
9        android:targetSdkVersion="33" />
9-->src\main\AndroidManifest.xml
10
11    <uses-permission android:name="android.permission.RECEIVE_BOOT_COMPLETED" />
11-->src\main\AndroidManifest.xml:2:1-76
11-->src\main\AndroidManifest.xml:2:18-74
12    <uses-permission android:name="android.permission.INTERNET" />
12-->src\main\AndroidManifest.xml:3:1-63
12-->src\main\AndroidManifest.xml:3:18-60
13    <uses-permission
13-->src\main\AndroidManifest.xml:4:1-5:38
14        android:name="android.permission.SCHEDULE_EXACT_ALARM"
14-->src\main\AndroidManifest.xml:4:18-72
15        android:maxSdkVersion="32" />
15-->src\main\AndroidManifest.xml:5:9-35
16    <uses-permission android:name="android.permission.USE_EXACT_ALARM" />
16-->src\main\AndroidManifest.xml:6:1-70
16-->src\main\AndroidManifest.xml:6:18-67
17    <uses-permission android:name="android.permission.VIBRATE" />
17-->[:flutter_local_notifications] AndroidManifest.xml:9:5-66
17-->[:flutter_local_notifications] AndroidManifest.xml:9:22-63
18    <uses-permission android:name="android.permission.POST_NOTIFICATIONS" />
18-->[:flutter_local_notifications] AndroidManifest.xml:10:5-77
18-->[:flutter_local_notifications] AndroidManifest.xml:10:22-74
19    <uses-permission android:name="android.permission.ACCESS_NETWORK_STATE" />
19-->[com.google.firebase:firebase-auth:22.3.1] AndroidManifest.xml:26:5-79
19-->[com.google.firebase:firebase-auth:22.3.1] AndroidManifest.xml:26:22-76
20    <uses-permission android:name="com.google.android.providers.gsf.permission.READ_GSERVICES" />
20-->[com.google.android.recaptcha:recaptcha:18.4.0] AndroidManifest.xml:9:5-98
20-->[com.google.android.recaptcha:recaptcha:18.4.0] AndroidManifest.xml:9:22-95
21
22    <application
23        android:name="android.app.Application"
23-->src\main\AndroidManifest.xml:10:9-42
24        android:appComponentFactory="androidx.core.app.CoreComponentFactory"
24-->[androidx.core:core:1.6.0] AndroidManifest.xml:24:18-86
25        android:icon="@mipmap/ic_launcher"
25-->src\main\AndroidManifest.xml:11:9-43
26        android:label="E-QIU Guidance" >
26-->src\main\AndroidManifest.xml:9:9-39
27        <activity
27-->src\main\AndroidManifest.xml:12:9-32:20
28            android:name="com.example.qiu_digital_guidance.MainActivity"
28-->src\main\AndroidManifest.xml:13:13-41
29            android:configChanges="orientation|keyboardHidden|keyboard|screenSize|smallestScreenSize|locale|layoutDirection|fontScale|screenLayout|density|uiMode"
29-->src\main\AndroidManifest.xml:17:13-163
30            android:exported="true"
30-->src\main\AndroidManifest.xml:14:13-36
31            android:hardwareAccelerated="true"
31-->src\main\AndroidManifest.xml:18:13-47
32            android:launchMode="singleTop"
32-->src\main\AndroidManifest.xml:15:13-43
33            android:theme="@style/LaunchTheme"
33-->src\main\AndroidManifest.xml:16:13-47
34            android:windowSoftInputMode="adjustResize" >
34-->src\main\AndroidManifest.xml:19:13-55
35
36            <!--
37                 Specifies an Android theme to apply to this Activity as soon as
38                 the Android process has started. This theme is visible to the user
39                 while the Flutter UI initializes. After that, this theme continues
40                 to determine the Window background behind the Flutter UI.
41            -->
42            <meta-data
42-->src\main\AndroidManifest.xml:24:13-27:17
43                android:name="io.flutter.embedding.android.NormalTheme"
43-->src\main\AndroidManifest.xml:25:15-70
44                android:resource="@style/NormalTheme" />
44-->src\main\AndroidManifest.xml:26:15-52
45
46            <intent-filter>
46-->src\main\AndroidManifest.xml:28:13-31:29
47                <action android:name="android.intent.action.MAIN" />
47-->src\main\AndroidManifest.xml:29:17-68
47-->src\main\AndroidManifest.xml:29:25-66
48
49                <category android:name="android.intent.category.LAUNCHER" />
49-->src\main\AndroidManifest.xml:30:17-76
49-->src\main\AndroidManifest.xml:30:27-74
50            </intent-filter>
51        </activity>
52        <!--
53             Don't delete the meta-data below.
54             This is used by the Flutter tool to generate GeneratedPluginRegistrant.java
55        -->
56        <meta-data
56-->src\main\AndroidManifest.xml:35:9-37:33
57            android:name="flutterEmbedding"
57-->src\main\AndroidManifest.xml:36:13-44
58            android:value="2" />
58-->src\main\AndroidManifest.xml:37:13-30
59
60        <receiver
60-->src\main\AndroidManifest.xml:38:13-135
61            android:name="com.dexterous.flutterlocalnotifications.ScheduledNotificationReceiver"
61-->src\main\AndroidManifest.xml:38:48-132
62            android:exported="false" />
62-->src\main\AndroidManifest.xml:38:23-47
63        <receiver
63-->src\main\AndroidManifest.xml:39:1-46:12
64            android:name="com.dexterous.flutterlocalnotifications.ScheduledNotificationBootReceiver"
64-->src\main\AndroidManifest.xml:39:36-124
65            android:exported="false" >
65-->src\main\AndroidManifest.xml:39:11-35
66            <intent-filter>
66-->src\main\AndroidManifest.xml:40:5-45:21
67                <action android:name="android.intent.action.BOOT_COMPLETED" />
67-->src\main\AndroidManifest.xml:41:9-70
67-->src\main\AndroidManifest.xml:41:17-68
68                <action android:name="android.intent.action.MY_PACKAGE_REPLACED" />
68-->src\main\AndroidManifest.xml:42:9-75
68-->src\main\AndroidManifest.xml:42:17-73
69                <action android:name="android.intent.action.QUICKBOOT_POWERON" />
69-->src\main\AndroidManifest.xml:43:9-74
69-->src\main\AndroidManifest.xml:43:17-71
70                <action android:name="com.htc.intent.action.QUICKBOOT_POWERON" />
70-->src\main\AndroidManifest.xml:44:9-73
70-->src\main\AndroidManifest.xml:44:17-71
71            </intent-filter>
72        </receiver>
73
74        <service
74-->[:firebase_auth] AndroidManifest.xml:10:9-14:19
75            android:name="com.google.firebase.components.ComponentDiscoveryService"
75-->[:firebase_auth] AndroidManifest.xml:10:18-89
76            android:directBootAware="true"
76-->[com.google.firebase:firebase-common:20.4.2] AndroidManifest.xml:32:13-43
77            android:exported="false" >
77-->[com.google.firebase:firebase-auth:22.3.1] AndroidManifest.xml:68:13-37
78            <meta-data
78-->[:firebase_auth] AndroidManifest.xml:11:13-13:85
79                android:name="com.google.firebase.components:io.flutter.plugins.firebase.auth.FlutterFirebaseAuthRegistrar"
79-->[:firebase_auth] AndroidManifest.xml:12:17-124
80                android:value="com.google.firebase.components.ComponentRegistrar" />
80-->[:firebase_auth] AndroidManifest.xml:13:17-82
81            <meta-data
81-->[:firebase_storage] AndroidManifest.xml:11:13-13:85
82                android:name="com.google.firebase.components:io.flutter.plugins.firebase.storage.FlutterFirebaseAppRegistrar"
82-->[:firebase_storage] AndroidManifest.xml:12:17-126
83                android:value="com.google.firebase.components.ComponentRegistrar" />
83-->[:firebase_storage] AndroidManifest.xml:13:17-82
84            <meta-data
84-->[:cloud_firestore] AndroidManifest.xml:11:13-13:85
85                android:name="com.google.firebase.components:io.flutter.plugins.firebase.firestore.FlutterFirebaseFirestoreRegistrar"
85-->[:cloud_firestore] AndroidManifest.xml:12:17-134
86                android:value="com.google.firebase.components.ComponentRegistrar" />
86-->[:cloud_firestore] AndroidManifest.xml:13:17-82
87            <meta-data
87-->[:firebase_core] AndroidManifest.xml:11:13-13:85
88                android:name="com.google.firebase.components:io.flutter.plugins.firebase.core.FlutterFirebaseCoreRegistrar"
88-->[:firebase_core] AndroidManifest.xml:12:17-124
89                android:value="com.google.firebase.components.ComponentRegistrar" />
89-->[:firebase_core] AndroidManifest.xml:13:17-82
90            <meta-data
90-->[com.google.firebase:firebase-auth:22.3.1] AndroidManifest.xml:69:13-71:85
91                android:name="com.google.firebase.components:com.google.firebase.auth.FirebaseAuthRegistrar"
91-->[com.google.firebase:firebase-auth:22.3.1] AndroidManifest.xml:70:17-109
92                android:value="com.google.firebase.components.ComponentRegistrar" />
92-->[com.google.firebase:firebase-auth:22.3.1] AndroidManifest.xml:71:17-82
93            <meta-data
93-->[com.google.firebase:firebase-firestore:24.10.3] AndroidManifest.xml:17:13-19:85
94                android:name="com.google.firebase.components:com.google.firebase.firestore.FirebaseFirestoreKtxRegistrar"
94-->[com.google.firebase:firebase-firestore:24.10.3] AndroidManifest.xml:18:17-122
95                android:value="com.google.firebase.components.ComponentRegistrar" />
95-->[com.google.firebase:firebase-firestore:24.10.3] AndroidManifest.xml:19:17-82
96            <meta-data
96-->[com.google.firebase:firebase-firestore:24.10.3] AndroidManifest.xml:20:13-22:85
97                android:name="com.google.firebase.components:com.google.firebase.firestore.FirestoreRegistrar"
97-->[com.google.firebase:firebase-firestore:24.10.3] AndroidManifest.xml:21:17-111
98                android:value="com.google.firebase.components.ComponentRegistrar" />
98-->[com.google.firebase:firebase-firestore:24.10.3] AndroidManifest.xml:22:17-82
99            <meta-data
99-->[com.google.firebase:firebase-storage:20.3.0] AndroidManifest.xml:30:13-32:85
100                android:name="com.google.firebase.components:com.google.firebase.storage.FirebaseStorageKtxRegistrar"
100-->[com.google.firebase:firebase-storage:20.3.0] AndroidManifest.xml:31:17-118
101                android:value="com.google.firebase.components.ComponentRegistrar" />
101-->[com.google.firebase:firebase-storage:20.3.0] AndroidManifest.xml:32:17-82
102            <meta-data
102-->[com.google.firebase:firebase-storage:20.3.0] AndroidManifest.xml:33:13-35:85
103                android:name="com.google.firebase.components:com.google.firebase.storage.StorageRegistrar"
103-->[com.google.firebase:firebase-storage:20.3.0] AndroidManifest.xml:34:17-107
104                android:value="com.google.firebase.components.ComponentRegistrar" />
104-->[com.google.firebase:firebase-storage:20.3.0] AndroidManifest.xml:35:17-82
105            <meta-data
105-->[com.google.firebase:firebase-appcheck:17.1.2] AndroidManifest.xml:25:13-27:85
106                android:name="com.google.firebase.components:com.google.firebase.appcheck.FirebaseAppCheckKtxRegistrar"
106-->[com.google.firebase:firebase-appcheck:17.1.2] AndroidManifest.xml:26:17-120
107                android:value="com.google.firebase.components.ComponentRegistrar" />
107-->[com.google.firebase:firebase-appcheck:17.1.2] AndroidManifest.xml:27:17-82
108            <meta-data
108-->[com.google.firebase:firebase-appcheck:17.1.2] AndroidManifest.xml:28:13-30:85
109                android:name="com.google.firebase.components:com.google.firebase.appcheck.FirebaseAppCheckRegistrar"
109-->[com.google.firebase:firebase-appcheck:17.1.2] AndroidManifest.xml:29:17-117
110                android:value="com.google.firebase.components.ComponentRegistrar" />
110-->[com.google.firebase:firebase-appcheck:17.1.2] AndroidManifest.xml:30:17-82
111            <meta-data
111-->[com.google.firebase:firebase-common-ktx:20.4.2] AndroidManifest.xml:12:13-14:85
112                android:name="com.google.firebase.components:com.google.firebase.ktx.FirebaseCommonLegacyRegistrar"
112-->[com.google.firebase:firebase-common-ktx:20.4.2] AndroidManifest.xml:13:17-116
113                android:value="com.google.firebase.components.ComponentRegistrar" />
113-->[com.google.firebase:firebase-common-ktx:20.4.2] AndroidManifest.xml:14:17-82
114            <meta-data
114-->[com.google.firebase:firebase-common:20.4.2] AndroidManifest.xml:35:13-37:85
115                android:name="com.google.firebase.components:com.google.firebase.FirebaseCommonKtxRegistrar"
115-->[com.google.firebase:firebase-common:20.4.2] AndroidManifest.xml:36:17-109
116                android:value="com.google.firebase.components.ComponentRegistrar" />
116-->[com.google.firebase:firebase-common:20.4.2] AndroidManifest.xml:37:17-82
117        </service>
118
119        <activity
119-->[com.google.firebase:firebase-auth:22.3.1] AndroidManifest.xml:29:9-46:20
120            android:name="com.google.firebase.auth.internal.GenericIdpActivity"
120-->[com.google.firebase:firebase-auth:22.3.1] AndroidManifest.xml:30:13-80
121            android:excludeFromRecents="true"
121-->[com.google.firebase:firebase-auth:22.3.1] AndroidManifest.xml:31:13-46
122            android:exported="true"
122-->[com.google.firebase:firebase-auth:22.3.1] AndroidManifest.xml:32:13-36
123            android:launchMode="singleTask"
123-->[com.google.firebase:firebase-auth:22.3.1] AndroidManifest.xml:33:13-44
124            android:theme="@android:style/Theme.Translucent.NoTitleBar" >
124-->[com.google.firebase:firebase-auth:22.3.1] AndroidManifest.xml:34:13-72
125            <intent-filter>
125-->[com.google.firebase:firebase-auth:22.3.1] AndroidManifest.xml:35:13-45:29
126                <action android:name="android.intent.action.VIEW" />
126-->[com.google.firebase:firebase-auth:22.3.1] AndroidManifest.xml:36:17-69
126-->[com.google.firebase:firebase-auth:22.3.1] AndroidManifest.xml:36:25-66
127
128                <category android:name="android.intent.category.DEFAULT" />
128-->[com.google.firebase:firebase-auth:22.3.1] AndroidManifest.xml:38:17-76
128-->[com.google.firebase:firebase-auth:22.3.1] AndroidManifest.xml:38:27-73
129                <category android:name="android.intent.category.BROWSABLE" />
129-->[com.google.firebase:firebase-auth:22.3.1] AndroidManifest.xml:39:17-78
129-->[com.google.firebase:firebase-auth:22.3.1] AndroidManifest.xml:39:27-75
130
131                <data
131-->[com.google.firebase:firebase-auth:22.3.1] AndroidManifest.xml:41:17-44:51
132                    android:host="firebase.auth"
132-->[com.google.firebase:firebase-auth:22.3.1] AndroidManifest.xml:42:21-49
133                    android:path="/"
133-->[com.google.firebase:firebase-auth:22.3.1] AndroidManifest.xml:43:21-37
134                    android:scheme="genericidp" />
134-->[com.google.firebase:firebase-auth:22.3.1] AndroidManifest.xml:44:21-48
135            </intent-filter>
136        </activity>
137        <activity
137-->[com.google.firebase:firebase-auth:22.3.1] AndroidManifest.xml:47:9-64:20
138            android:name="com.google.firebase.auth.internal.RecaptchaActivity"
138-->[com.google.firebase:firebase-auth:22.3.1] AndroidManifest.xml:48:13-79
139            android:excludeFromRecents="true"
139-->[com.google.firebase:firebase-auth:22.3.1] AndroidManifest.xml:49:13-46
140            android:exported="true"
140-->[com.google.firebase:firebase-auth:22.3.1] AndroidManifest.xml:50:13-36
141            android:launchMode="singleTask"
141-->[com.google.firebase:firebase-auth:22.3.1] AndroidManifest.xml:51:13-44
142            android:theme="@android:style/Theme.Translucent.NoTitleBar" >
142-->[com.google.firebase:firebase-auth:22.3.1] AndroidManifest.xml:52:13-72
143            <intent-filter>
143-->[com.google.firebase:firebase-auth:22.3.1] AndroidManifest.xml:53:13-63:29
144                <action android:name="android.intent.action.VIEW" />
144-->[com.google.firebase:firebase-auth:22.3.1] AndroidManifest.xml:36:17-69
144-->[com.google.firebase:firebase-auth:22.3.1] AndroidManifest.xml:36:25-66
145
146                <category android:name="android.intent.category.DEFAULT" />
146-->[com.google.firebase:firebase-auth:22.3.1] AndroidManifest.xml:38:17-76
146-->[com.google.firebase:firebase-auth:22.3.1] AndroidManifest.xml:38:27-73
147                <category android:name="android.intent.category.BROWSABLE" />
147-->[com.google.firebase:firebase-auth:22.3.1] AndroidManifest.xml:39:17-78
147-->[com.google.firebase:firebase-auth:22.3.1] AndroidManifest.xml:39:27-75
148
149                <data
149-->[com.google.firebase:firebase-auth:22.3.1] AndroidManifest.xml:41:17-44:51
150                    android:host="firebase.auth"
150-->[com.google.firebase:firebase-auth:22.3.1] AndroidManifest.xml:42:21-49
151                    android:path="/"
151-->[com.google.firebase:firebase-auth:22.3.1] AndroidManifest.xml:43:21-37
152                    android:scheme="recaptcha" />
152-->[com.google.firebase:firebase-auth:22.3.1] AndroidManifest.xml:44:21-48
153            </intent-filter>
154        </activity>
155
156        <uses-library
156-->[androidx.window:window:1.0.0-beta04] AndroidManifest.xml:25:9-27:40
157            android:name="androidx.window.extensions"
157-->[androidx.window:window:1.0.0-beta04] AndroidManifest.xml:26:13-54
158            android:required="false" />
158-->[androidx.window:window:1.0.0-beta04] AndroidManifest.xml:27:13-37
159        <uses-library
159-->[androidx.window:window:1.0.0-beta04] AndroidManifest.xml:28:9-30:40
160            android:name="androidx.window.sidecar"
160-->[androidx.window:window:1.0.0-beta04] AndroidManifest.xml:29:13-51
161            android:required="false" />
161-->[androidx.window:window:1.0.0-beta04] AndroidManifest.xml:30:13-37
162
163        <provider
163-->[com.google.firebase:firebase-common:20.4.2] AndroidManifest.xml:23:9-28:39
164            android:name="com.google.firebase.provider.FirebaseInitProvider"
164-->[com.google.firebase:firebase-common:20.4.2] AndroidManifest.xml:24:13-77
165            android:authorities="com.example.qiu_digital_guidance.firebaseinitprovider"
165-->[com.google.firebase:firebase-common:20.4.2] AndroidManifest.xml:25:13-72
166            android:directBootAware="true"
166-->[com.google.firebase:firebase-common:20.4.2] AndroidManifest.xml:26:13-43
167            android:exported="false"
167-->[com.google.firebase:firebase-common:20.4.2] AndroidManifest.xml:27:13-37
168            android:initOrder="100" />
168-->[com.google.firebase:firebase-common:20.4.2] AndroidManifest.xml:28:13-36
169
170        <activity
170-->[com.google.android.gms:play-services-base:18.1.0] AndroidManifest.xml:20:9-22:45
171            android:name="com.google.android.gms.common.api.GoogleApiActivity"
171-->[com.google.android.gms:play-services-base:18.1.0] AndroidManifest.xml:20:19-85
172            android:exported="false"
172-->[com.google.android.gms:play-services-base:18.1.0] AndroidManifest.xml:22:19-43
173            android:theme="@android:style/Theme.Translucent.NoTitleBar" />
173-->[com.google.android.gms:play-services-base:18.1.0] AndroidManifest.xml:21:19-78
174
175        <meta-data
175-->[com.google.android.gms:play-services-basement:18.3.0] AndroidManifest.xml:21:9-23:69
176            android:name="com.google.android.gms.version"
176-->[com.google.android.gms:play-services-basement:18.3.0] AndroidManifest.xml:22:13-58
177            android:value="@integer/google_play_services_version" />
177-->[com.google.android.gms:play-services-basement:18.3.0] AndroidManifest.xml:23:13-66
178    </application>
179
180</manifest>